<?xml version="1.0" encoding="UTF-8"?>
<!-- Generated by org.testng.reporters.JUnitXMLReporter -->
<testsuite ignored="0" hostname="LAPTOP-2CDFN5B5" failures="0" tests="3" name="Test" time="64.815" errors="0" timestamp="2022-10-13T16:56:43 IST">
  <testcase classname="Com.OrangeHRM.qa.TestCase.OrangeHRM_HomePage_TestCase" name="addandsave" time="18.594"/>
  <testcase classname="Com.OrangeHRM.qa.TestCase.OrangeHRM_HomePage_TestCase" name="employeename" time="15.444"/>
  <testcase classname="Com.OrangeHRM.qa.TestCase.OrangeHRM_HomePage_TestCase" name="listofconfigu" time="10.003"/>
</testsuite> <!-- Test -->
