<?xml version="1.0" encoding="UTF-8"?>
<testng-results ignored="0" total="2" passed="2" failed="0" skipped="0">
  <reporter-output>
    <line>
      <![CDATA[Running Testcase 2 ---> Sreach Test Method ]]>
    </line>
    <line>
      <![CDATA[Running Testcase 1 ---> Google Titel Method]]>
    </line>
  </reporter-output>
  <suite started-at="2022-10-11T12:41:26 IST" name="Default suite" finished-at="2022-10-11T12:41:26 IST" duration-ms="48">
    <groups>
    </groups>
    <test started-at="2022-10-11T12:41:26 IST" name="Default test" finished-at="2022-10-11T12:41:26 IST" duration-ms="48">
      <class name="TestNG_Annotations_keywors.EmaliableReport">
        <test-method signature="SreachTest()[pri:0, instance:TestNG_Annotations_keywors.EmaliableReport@27ce24aa]" started-at="2022-10-11T12:41:26 IST" name="SreachTest" finished-at="2022-10-11T12:41:26 IST" duration-ms="9" status="PASS">
          <reporter-output>
            <line>
              <![CDATA[Running Testcase 2 ---> Sreach Test Method ]]>
            </line>
          </reporter-output>
        </test-method> <!-- SreachTest -->
        <test-method signature="googletitel()[pri:0, instance:TestNG_Annotations_keywors.EmaliableReport@27ce24aa]" started-at="2022-10-11T12:41:26 IST" name="googletitel" finished-at="2022-10-11T12:41:26 IST" duration-ms="0" status="PASS">
          <reporter-output>
            <line>
              <![CDATA[Running Testcase 1 ---> Google Titel Method]]>
            </line>
          </reporter-output>
        </test-method> <!-- googletitel -->
      </class> <!-- TestNG_Annotations_keywors.EmaliableReport -->
    </test> <!-- Default test -->
  </suite> <!-- Default suite -->
</testng-results>
