<?xml version="1.0" encoding="UTF-8"?>
<!-- Generated by org.testng.reporters.JUnitXMLReporter -->
<testsuite ignored="0" hostname="LAPTOP-2CDFN5B5" failures="1" tests="1" name="Test(failed)" time="5.066" errors="0" timestamp="2022-10-08T13:19:20 IST">
  <testcase classname="TestNG_Annotations.TestNG_timeOut" name="infiniteloop" time="5.025">
    <failure type="org.testng.internal.thread.ThreadTimeoutException" message="Method TestNG_Annotations.TestNG_timeOut.infiniteloop() didn&amp;apos;t finish within the time-out 5000">
      <![CDATA[org.testng.internal.thread.ThreadTimeoutException: Method TestNG_Annotations.TestNG_timeOut.infiniteloop() didn't finish within the time-out 5000
at java.base/java.util.ArrayList.forEach(ArrayList.java:1511)
... Removed 24 stack frames]]>
    </failure>
  </testcase> <!-- infiniteloop -->
</testsuite> <!-- Test(failed) -->
